app/build/intermediates/manifest_merge_blame_file/release/processReleaseMainManifest/manifest-merger-blame-release-report.txt
1<?xml version="1.0" encoding="utf-8"?>
2<!--
3    Copyright 2019 Google Inc. All Rights Reserved.
4
5     Licensed under the Apache License, Version 2.0 (the "License");
6     you may not use this file except in compliance with the License.
7     You may obtain a copy of the License at
8
9         http://www.apache.org/licenses/LICENSE-2.0
10
11     Unless required by applicable law or agreed to in writing, software
12     distributed under the License is distributed on an "AS IS" BASIS,
13     WITHOUT WARRANTIES OR CONDITIONS OF ANY KIND, either express or implied.
14     See the License for the specific language governing permissions and
15     limitations under the License.
16-->
17<!--
18 The "package" attribute is rewritten by the Gradle build with the value of applicationId.
19     It is still required here, as it is used to derive paths, for instance when referring
20     to an Activity by ".MyActivity" instead of the full name. If more Activities are added to the
21     application, the package attribute will need to reflect the correct path in order to use
22     the abbreviated format.
23-->
24<!--
25 <manifest xmlns:android="http://schemas.android.com/apk/res/android"
26    package="com.cortessoftware.controlgastos"> quiete esto **
27-->
28<manifest xmlns:android="http://schemas.android.com/apk/res/android"
29    package="com.cortessoftware.controlgastos"
30    android:versionCode="5"
31    android:versionName="1.0.4" >
32
33    <uses-sdk
34        android:minSdkVersion="21"
35        android:targetSdkVersion="36" />
36
37    <uses-permission android:name="android.permission.POST_NOTIFICATIONS" />
37-->src\main\AndroidManifest.xml:28:9-80
37-->src\main\AndroidManifest.xml:28:26-78
38
39    <queries>
39-->[com.google.androidbrowserhelper:androidbrowserhelper:2.6.2] AndroidManifest.xml:22:5-30:15
40        <intent>
40-->[com.google.androidbrowserhelper:androidbrowserhelper:2.6.2] AndroidManifest.xml:23:9-29:18
41            <action android:name="android.intent.action.VIEW" />
41-->src\main\AndroidManifest.xml:150:17-68
41-->src\main\AndroidManifest.xml:150:25-66
42
43            <category android:name="android.intent.category.BROWSABLE" />
43-->src\main\AndroidManifest.xml:152:17-77
43-->src\main\AndroidManifest.xml:152:27-75
44
45            <data android:scheme="https" />
45-->src\main\AndroidManifest.xml:153:17-156:19
45-->src\main\AndroidManifest.xml:153:23-45
46        </intent>
47    </queries>
48
49    <permission
49-->[androidx.core:core:1.13.0] AndroidManifest.xml:22:5-24:47
50        android:name="com.cortessoftware.controlgastos.DYNAMIC_RECEIVER_NOT_EXPORTED_PERMISSION"
50-->[androidx.core:core:1.13.0] AndroidManifest.xml:23:9-81
51        android:protectionLevel="signature" />
51-->[androidx.core:core:1.13.0] AndroidManifest.xml:24:9-44
52
53    <uses-permission android:name="com.cortessoftware.controlgastos.DYNAMIC_RECEIVER_NOT_EXPORTED_PERMISSION" />
53-->[androidx.core:core:1.13.0] AndroidManifest.xml:26:5-97
53-->[androidx.core:core:1.13.0] AndroidManifest.xml:26:22-94
54
55    <application
55-->src\main\AndroidManifest.xml:37:5-201:19
56        android:name="com.cortessoftware.gastos.twa.Application"
56-->src\main\AndroidManifest.xml:38:9-35
57        android:allowBackup="true"
57-->src\main\AndroidManifest.xml:39:9-35
58        android:appComponentFactory="androidx.core.app.CoreComponentFactory"
58-->[androidx.core:core:1.13.0] AndroidManifest.xml:28:18-86
59        android:extractNativeLibs="true"
60        android:icon="@mipmap/ic_launcher"
60-->src\main\AndroidManifest.xml:40:9-43
61        android:label="@string/appName"
61-->src\main\AndroidManifest.xml:41:9-40
62        android:manageSpaceActivity="com.google.androidbrowserhelper.trusted.ManageDataLauncherActivity"
62-->src\main\AndroidManifest.xml:43:9-105
63        android:supportsRtl="true"
63-->src\main\AndroidManifest.xml:45:9-35
64        android:theme="@android:style/Theme.Translucent.NoTitleBar" >
64-->src\main\AndroidManifest.xml:46:9-68
65        <meta-data
65-->src\main\AndroidManifest.xml:48:9-50:58
66            android:name="asset_statements"
66-->src\main\AndroidManifest.xml:49:13-44
67            android:resource="@string/assetStatements" />
67-->src\main\AndroidManifest.xml:50:13-55
68        <meta-data
68-->src\main\AndroidManifest.xml:53:13-55:58
69            android:name="web_manifest_url"
69-->src\main\AndroidManifest.xml:54:17-48
70            android:value="@string/webManifestUrl" />
70-->src\main\AndroidManifest.xml:55:17-55
71        <meta-data
71-->src\main\AndroidManifest.xml:58:9-60:52
72            android:name="twa_generator"
72-->src\main\AndroidManifest.xml:59:13-41
73            android:value="@string/generatorApp" />
73-->src\main\AndroidManifest.xml:60:13-49
74
75        <activity
75-->src\main\AndroidManifest.xml:67:13-78:24
76            android:name="com.google.androidbrowserhelper.trusted.ManageDataLauncherActivity"
76-->src\main\AndroidManifest.xml:67:23-104
77            android:enabled="true"
77-->src\main\AndroidManifest.xml:69:17-39
78            android:excludeFromRecents="true"
78-->src\main\AndroidManifest.xml:70:17-50
79            android:exported="false" >
79-->src\main\AndroidManifest.xml:68:17-41
80            <meta-data
80-->src\main\AndroidManifest.xml:71:17-73:57
81                android:name="android.support.customtabs.trusted.MANAGE_SPACE_URL"
81-->src\main\AndroidManifest.xml:72:21-87
82                android:value="@string/launchUrl" />
82-->src\main\AndroidManifest.xml:73:21-54
83
84            <intent-filter>
84-->src\main\AndroidManifest.xml:74:17-77:33
85                <action android:name="android.intent.action.APPLICATION_PREFERENCES" />
85-->src\main\AndroidManifest.xml:75:21-92
85-->src\main\AndroidManifest.xml:75:29-89
86
87                <category android:name="android.intent.category.DEFAULT" />
87-->src\main\AndroidManifest.xml:76:21-80
87-->src\main\AndroidManifest.xml:76:31-77
88            </intent-filter>
89        </activity>
90        <activity
90-->src\main\AndroidManifest.xml:81:9-162:20
91            android:name="com.cortessoftware.gastos.twa.LauncherActivity"
91-->src\main\AndroidManifest.xml:81:19-80
92            android:alwaysRetainTaskState="true"
92-->src\main\AndroidManifest.xml:82:13-49
93            android:exported="true"
93-->src\main\AndroidManifest.xml:84:13-36
94            android:label="@string/launcherName" >
94-->src\main\AndroidManifest.xml:83:13-49
95            <meta-data
95-->src\main\AndroidManifest.xml:85:13-86:53
96                android:name="android.support.customtabs.trusted.DEFAULT_URL"
96-->src\main\AndroidManifest.xml:85:24-85
97                android:value="@string/launchUrl" />
97-->src\main\AndroidManifest.xml:86:17-50
98            <meta-data
98-->src\main\AndroidManifest.xml:88:13-90:58
99                android:name="android.support.customtabs.trusted.STATUS_BAR_COLOR"
99-->src\main\AndroidManifest.xml:89:17-83
100                android:resource="@color/colorPrimary" />
100-->src\main\AndroidManifest.xml:90:17-55
101            <meta-data
101-->src\main\AndroidManifest.xml:94:13-96:62
102                android:name="android.support.customtabs.trusted.STATUS_BAR_COLOR_DARK"
102-->src\main\AndroidManifest.xml:95:17-88
103                android:resource="@color/colorPrimaryDark" />
103-->src\main\AndroidManifest.xml:96:17-59
104            <meta-data
104-->src\main\AndroidManifest.xml:98:13-100:61
105                android:name="android.support.customtabs.trusted.NAVIGATION_BAR_COLOR"
105-->src\main\AndroidManifest.xml:99:17-87
106                android:resource="@color/navigationColor" />
106-->src\main\AndroidManifest.xml:100:17-58
107            <meta-data
107-->src\main\AndroidManifest.xml:102:13-104:65
108                android:name="android.support.customtabs.trusted.NAVIGATION_BAR_COLOR_DARK"
108-->src\main\AndroidManifest.xml:103:17-92
109                android:resource="@color/navigationColorDark" />
109-->src\main\AndroidManifest.xml:104:17-62
110            <meta-data
110-->src\main\AndroidManifest.xml:106:13-108:68
111                android:name="androix.browser.trusted.NAVIGATION_BAR_DIVIDER_COLOR"
111-->src\main\AndroidManifest.xml:107:17-84
112                android:resource="@color/navigationDividerColor" />
112-->src\main\AndroidManifest.xml:108:17-65
113            <meta-data
113-->src\main\AndroidManifest.xml:110:13-112:72
114                android:name="androix.browser.trusted.NAVIGATION_BAR_DIVIDER_COLOR_DARK"
114-->src\main\AndroidManifest.xml:111:17-89
115                android:resource="@color/navigationDividerColorDark" />
115-->src\main\AndroidManifest.xml:112:17-69
116            <meta-data
116-->src\main\AndroidManifest.xml:114:13-115:54
117                android:name="android.support.customtabs.trusted.SPLASH_IMAGE_DRAWABLE"
117-->src\main\AndroidManifest.xml:114:24-95
118                android:resource="@drawable/splash" />
118-->src\main\AndroidManifest.xml:115:17-52
119            <meta-data
119-->src\main\AndroidManifest.xml:117:13-118:60
120                android:name="android.support.customtabs.trusted.SPLASH_SCREEN_BACKGROUND_COLOR"
120-->src\main\AndroidManifest.xml:117:24-104
121                android:resource="@color/backgroundColor" />
121-->src\main\AndroidManifest.xml:118:17-58
122            <meta-data
122-->src\main\AndroidManifest.xml:120:13-121:71
123                android:name="android.support.customtabs.trusted.SPLASH_SCREEN_FADE_OUT_DURATION"
123-->src\main\AndroidManifest.xml:120:24-105
124                android:value="@integer/splashScreenFadeOutDuration" />
124-->src\main\AndroidManifest.xml:121:17-69
125            <meta-data
125-->src\main\AndroidManifest.xml:123:13-124:60
126                android:name="android.support.customtabs.trusted.FILE_PROVIDER_AUTHORITY"
126-->src\main\AndroidManifest.xml:123:24-97
127                android:value="@string/providerAuthority" />
127-->src\main\AndroidManifest.xml:124:17-58
128            <meta-data
128-->src\main\AndroidManifest.xml:126:13-97
129                android:name="android.app.shortcuts"
129-->src\main\AndroidManifest.xml:126:24-60
130                android:resource="@xml/shortcuts" />
130-->src\main\AndroidManifest.xml:126:61-94
131            <meta-data
131-->src\main\AndroidManifest.xml:128:13-129:56
132                android:name="android.support.customtabs.trusted.FALLBACK_STRATEGY"
132-->src\main\AndroidManifest.xml:128:24-91
133                android:value="@string/fallbackType" />
133-->src\main\AndroidManifest.xml:129:17-53
134            <meta-data
134-->src\main\AndroidManifest.xml:135:13-136:54
135                android:name="android.support.customtabs.trusted.SCREEN_ORIENTATION"
135-->src\main\AndroidManifest.xml:135:24-92
136                android:value="@string/orientation" />
136-->src\main\AndroidManifest.xml:136:17-52
137
138            <intent-filter>
138-->src\main\AndroidManifest.xml:144:13-147:29
139                <action android:name="android.intent.action.MAIN" />
139-->src\main\AndroidManifest.xml:145:17-69
139-->src\main\AndroidManifest.xml:145:25-66
140
141                <category android:name="android.intent.category.LAUNCHER" />
141-->src\main\AndroidManifest.xml:146:17-77
141-->src\main\AndroidManifest.xml:146:27-74
142            </intent-filter>
143            <intent-filter android:autoVerify="true" >
143-->src\main\AndroidManifest.xml:149:13-157:29
143-->src\main\AndroidManifest.xml:149:28-53
144                <action android:name="android.intent.action.VIEW" />
144-->src\main\AndroidManifest.xml:150:17-68
144-->src\main\AndroidManifest.xml:150:25-66
145
146                <category android:name="android.intent.category.DEFAULT" />
146-->src\main\AndroidManifest.xml:76:21-80
146-->src\main\AndroidManifest.xml:76:31-77
147                <category android:name="android.intent.category.BROWSABLE" />
147-->src\main\AndroidManifest.xml:152:17-77
147-->src\main\AndroidManifest.xml:152:27-75
148
149                <data
149-->src\main\AndroidManifest.xml:153:17-156:19
150                    android:host="@string/hostName"
150-->src\main\AndroidManifest.xml:154:21-52
151                    android:scheme="https" />
151-->src\main\AndroidManifest.xml:153:23-45
152            </intent-filter>
153        </activity>
154        <activity android:name="com.google.androidbrowserhelper.trusted.FocusActivity" />
154-->src\main\AndroidManifest.xml:164:9-90
154-->src\main\AndroidManifest.xml:164:19-87
155        <activity
155-->src\main\AndroidManifest.xml:166:9-167:62
156            android:name="com.google.androidbrowserhelper.trusted.WebViewFallbackActivity"
156-->src\main\AndroidManifest.xml:166:19-97
157            android:configChanges="orientation|screenSize" />
157-->src\main\AndroidManifest.xml:167:13-59
158
159        <provider
159-->src\main\AndroidManifest.xml:169:9-177:20
160            android:name="androidx.core.content.FileProvider"
160-->src\main\AndroidManifest.xml:170:13-62
161            android:authorities="@string/providerAuthority"
161-->src\main\AndroidManifest.xml:171:13-60
162            android:exported="false"
162-->src\main\AndroidManifest.xml:173:13-37
163            android:grantUriPermissions="true" >
163-->src\main\AndroidManifest.xml:172:13-47
164            <meta-data
164-->src\main\AndroidManifest.xml:174:13-176:53
165                android:name="android.support.FILE_PROVIDER_PATHS"
165-->src\main\AndroidManifest.xml:175:17-67
166                android:resource="@xml/filepaths" />
166-->src\main\AndroidManifest.xml:176:17-50
167        </provider>
168
169        <service
169-->src\main\AndroidManifest.xml:179:9-194:19
170            android:name="com.cortessoftware.gastos.twa.DelegationService"
170-->src\main\AndroidManifest.xml:180:13-75
171            android:enabled="@bool/enableNotification"
171-->src\main\AndroidManifest.xml:181:13-55
172            android:exported="@bool/enableNotification" >
172-->src\main\AndroidManifest.xml:182:13-56
173            <meta-data
173-->src\main\AndroidManifest.xml:185:17-187:73
174                android:name="android.support.customtabs.trusted.SMALL_ICON"
174-->src\main\AndroidManifest.xml:186:21-81
175                android:resource="@drawable/ic_notification_icon" />
175-->src\main\AndroidManifest.xml:187:21-70
176
177            <intent-filter>
177-->src\main\AndroidManifest.xml:190:13-193:29
178                <action android:name="android.support.customtabs.trusted.TRUSTED_WEB_ACTIVITY_SERVICE" />
178-->src\main\AndroidManifest.xml:191:17-105
178-->src\main\AndroidManifest.xml:191:25-103
179
180                <category android:name="android.intent.category.DEFAULT" />
180-->src\main\AndroidManifest.xml:76:21-80
180-->src\main\AndroidManifest.xml:76:31-77
181            </intent-filter>
182        </service>
183
184        <activity android:name="com.google.androidbrowserhelper.trusted.NotificationPermissionRequestActivity" />
184-->src\main\AndroidManifest.xml:197:13-118
184-->src\main\AndroidManifest.xml:197:23-115
185
186        <provider
186-->[androidx.emoji2:emoji2:1.3.0] AndroidManifest.xml:24:9-32:20
187            android:name="androidx.startup.InitializationProvider"
187-->[androidx.emoji2:emoji2:1.3.0] AndroidManifest.xml:25:13-67
188            android:authorities="com.cortessoftware.controlgastos.androidx-startup"
188-->[androidx.emoji2:emoji2:1.3.0] AndroidManifest.xml:26:13-68
189            android:exported="false" >
189-->[androidx.emoji2:emoji2:1.3.0] AndroidManifest.xml:27:13-37
190            <meta-data
190-->[androidx.emoji2:emoji2:1.3.0] AndroidManifest.xml:29:13-31:52
191                android:name="androidx.emoji2.text.EmojiCompatInitializer"
191-->[androidx.emoji2:emoji2:1.3.0] AndroidManifest.xml:30:17-75
192                android:value="androidx.startup" />
192-->[androidx.emoji2:emoji2:1.3.0] AndroidManifest.xml:31:17-49
193            <meta-data
193-->[androidx.lifecycle:lifecycle-process:2.6.2] AndroidManifest.xml:29:13-31:52
194                android:name="androidx.lifecycle.ProcessLifecycleInitializer"
194-->[androidx.lifecycle:lifecycle-process:2.6.2] AndroidManifest.xml:30:17-78
195                android:value="androidx.startup" />
195-->[androidx.lifecycle:lifecycle-process:2.6.2] AndroidManifest.xml:31:17-49
196            <meta-data
196-->[androidx.profileinstaller:profileinstaller:1.3.1] AndroidManifest.xml:29:13-31:52
197                android:name="androidx.profileinstaller.ProfileInstallerInitializer"
197-->[androidx.profileinstaller:profileinstaller:1.3.1] AndroidManifest.xml:30:17-85
198                android:value="androidx.startup" />
198-->[androidx.profileinstaller:profileinstaller:1.3.1] AndroidManifest.xml:31:17-49
199        </provider>
200
201        <receiver
201-->[androidx.profileinstaller:profileinstaller:1.3.1] AndroidManifest.xml:34:9-52:20
202            android:name="androidx.profileinstaller.ProfileInstallReceiver"
202-->[androidx.profileinstaller:profileinstaller:1.3.1] AndroidManifest.xml:35:13-76
203            android:directBootAware="false"
203-->[androidx.profileinstaller:profileinstaller:1.3.1] AndroidManifest.xml:36:13-44
204            android:enabled="true"
204-->[androidx.profileinstaller:profileinstaller:1.3.1] AndroidManifest.xml:37:13-35
205            android:exported="true"
205-->[androidx.profileinstaller:profileinstaller:1.3.1] AndroidManifest.xml:38:13-36
206            android:permission="android.permission.DUMP" >
206-->[androidx.profileinstaller:profileinstaller:1.3.1] AndroidManifest.xml:39:13-57
207            <intent-filter>
207-->[androidx.profileinstaller:profileinstaller:1.3.1] AndroidManifest.xml:40:13-42:29
208                <action android:name="androidx.profileinstaller.action.INSTALL_PROFILE" />
208-->[androidx.profileinstaller:profileinstaller:1.3.1] AndroidManifest.xml:41:17-91
208-->[androidx.profileinstaller:profileinstaller:1.3.1] AndroidManifest.xml:41:25-88
209            </intent-filter>
210            <intent-filter>
210-->[androidx.profileinstaller:profileinstaller:1.3.1] AndroidManifest.xml:43:13-45:29
211                <action android:name="androidx.profileinstaller.action.SKIP_FILE" />
211-->[androidx.profileinstaller:profileinstaller:1.3.1] AndroidManifest.xml:44:17-85
211-->[androidx.profileinstaller:profileinstaller:1.3.1] AndroidManifest.xml:44:25-82
212            </intent-filter>
213            <intent-filter>
213-->[androidx.profileinstaller:profileinstaller:1.3.1] AndroidManifest.xml:46:13-48:29
214                <action android:name="androidx.profileinstaller.action.SAVE_PROFILE" />
214-->[androidx.profileinstaller:profileinstaller:1.3.1] AndroidManifest.xml:47:17-88
214-->[androidx.profileinstaller:profileinstaller:1.3.1] AndroidManifest.xml:47:25-85
215            </intent-filter>
216            <intent-filter>
216-->[androidx.profileinstaller:profileinstaller:1.3.1] AndroidManifest.xml:49:13-51:29
217                <action android:name="androidx.profileinstaller.action.BENCHMARK_OPERATION" />
217-->[androidx.profileinstaller:profileinstaller:1.3.1] AndroidManifest.xml:50:17-95
217-->[androidx.profileinstaller:profileinstaller:1.3.1] AndroidManifest.xml:50:25-92
218            </intent-filter>
219        </receiver>
220    </application>
221
222</manifest>